[server]2025-10-31 17:03:20.604	[34minfo[0m	E:/z_GoProjects/github.com/gin-vue-admin-main/server/initialize/router.go:74	register swagger handler
[server]2025-10-31 17:03:20.622	[34minfo[0m	E:/z_GoProjects/github.com/gin-vue-admin-main/server/initialize/plugin.go:10	é¡¹ç›®æš‚æœªåˆå§‹åŒ–ï¼Œæ— æ³•å®‰è£…æ’ä»¶ï¼Œåˆå§‹åŒ–åé‡å¯é¡¹ç›®å³å¯å®Œæˆæ’ä»¶å®‰è£…
[server]2025-10-31 17:03:20.622	[34minfo[0m	E:/z_GoProjects/github.com/gin-vue-admin-main/server/initialize/router.go:124	router register success
[server]2025-10-31 17:08:50.989	[34minfo[0m	E:/z_GoProjects/github.com/gin-vue-admin-main/server/core/server_run.go:48	å…³é—­WEBæœåŠ¡...
[server]2025-10-31 17:08:50.989	[34minfo[0m	E:/z_GoProjects/github.com/gin-vue-admin-main/server/core/server_run.go:59	WEBæœåŠ¡å·²å…³é—­
[server]2025-10-31 17:10:01.002	[34minfo[0m	E:/z_GoProjects/github.com/gin-vue-admin-main/server/initialize/router.go:74	register swagger handler
[server]2025-10-31 17:10:01.019	[34minfo[0m	E:/z_GoProjects/github.com/gin-vue-admin-main/server/initialize/plugin.go:10	é¡¹ç›®æš‚æœªåˆå§‹åŒ–ï¼Œæ— æ³•å®‰è£…æ’ä»¶ï¼Œåˆå§‹åŒ–åé‡å¯é¡¹ç›®å³å¯å®Œæˆæ’ä»¶å®‰è£…
[server]2025-10-31 17:10:01.020	[34minfo[0m	E:/z_GoProjects/github.com/gin-vue-admin-main/server/initialize/router.go:124	router register success
[server]2025-10-31 17:10:51.956	[34minfo[0m	E:/z_GoProjects/github.com/gin-vue-admin-main/server/core/server_run.go:48	å…³é—­WEBæœåŠ¡...
[server]2025-10-31 17:10:51.957	[34minfo[0m	E:/z_GoProjects/github.com/gin-vue-admin-main/server/core/server_run.go:59	WEBæœåŠ¡å·²å…³é—­
[server]2025-10-31 17:13:50.744	[34minfo[0m	E:/z_GoProjects/github.com/gin-vue-admin-main/server/initialize/router.go:74	register swagger handler
[server]2025-10-31 17:13:50.765	[34minfo[0m	E:/z_GoProjects/github.com/gin-vue-admin-main/server/initialize/plugin.go:10	é¡¹ç›®æš‚æœªåˆå§‹åŒ–ï¼Œæ— æ³•å®‰è£…æ’ä»¶ï¼Œåˆå§‹åŒ–åé‡å¯é¡¹ç›®å³å¯å®Œæˆæ’ä»¶å®‰è£…
[server]2025-10-31 17:13:50.765	[34minfo[0m	E:/z_GoProjects/github.com/gin-vue-admin-main/server/initialize/router.go:124	router register success
[server]2025-10-31 17:29:13.934	[34minfo[0m	E:/z_GoProjects/github.com/gin-vue-admin-main/server/core/server_run.go:48	å…³é—­WEBæœåŠ¡...
[server]2025-10-31 17:29:13.935	[34minfo[0m	E:/z_GoProjects/github.com/gin-vue-admin-main/server/core/server_run.go:59	WEBæœåŠ¡å·²å…³é—­
[server]2025-10-31 17:29:21.493	[34minfo[0m	E:/z_GoProjects/github.com/gin-vue-admin-main/server/initialize/router.go:74	register swagger handler
[server]2025-10-31 17:29:21.551	[34minfo[0m	E:/z_GoProjects/github.com/gin-vue-admin-main/server/initialize/plugin.go:10	é¡¹ç›®æš‚æœªåˆå§‹åŒ–ï¼Œæ— æ³•å®‰è£…æ’ä»¶ï¼Œåˆå§‹åŒ–åé‡å¯é¡¹ç›®å³å¯å®Œæˆæ’ä»¶å®‰è£…
[server]2025-10-31 17:29:21.552	[34minfo[0m	E:/z_GoProjects/github.com/gin-vue-admin-main/server/initialize/router.go:124	router register success
[server]2025-10-31 17:29:44.110	[34minfo[0m	E:/z_GoProjects/github.com/gin-vue-admin-main/server/api/v1/system/sys_initdb.go:57	å‰å¾€åˆå§‹åŒ–æ•°æ®åº“
[server]2025-10-31 17:45:21.493	[34minfo[0m	E:/z_GoProjects/github.com/gin-vue-admin-main/server/core/server_run.go:48	å…³é—­WEBæœåŠ¡...
[server]2025-10-31 17:45:21.494	[34minfo[0m	E:/z_GoProjects/github.com/gin-vue-admin-main/server/core/server_run.go:59	WEBæœåŠ¡å·²å…³é—­
[server]2025-10-31 17:45:30.578	[34minfo[0m	E:/z_GoProjects/github.com/gin-vue-admin-main/server/initialize/gorm.go:83	register table success
[server]2025-10-31 17:45:30.580	[34minfo[0m	E:/z_GoProjects/github.com/gin-vue-admin-main/server/initialize/router.go:74	register swagger handler
[server]2025-10-31 17:45:30.605	[34minfo[0m	E:/z_GoProjects/github.com/gin-vue-admin-main/server/initialize/router.go:124	router register success
[server]2025-10-31 17:49:38.157	[34minfo[0m	E:/z_GoProjects/github.com/gin-vue-admin-main/server/core/server_run.go:48	å…³é—­WEBæœåŠ¡...
[server]2025-10-31 17:49:38.157	[34minfo[0m	E:/z_GoProjects/github.com/gin-vue-admin-main/server/core/server_run.go:59	WEBæœåŠ¡å·²å…³é—­
